This is pdfTeX, Version 3.141592653-2.6-1.40.26 (TeX Live 2024) (preloaded format=pdflatex 2024.9.4)  4 SEP 2024 16:57
entering extended mode
 restricted \write18 enabled.
 file:line:error style messages enabled.
 %&-line parsing enabled.
**/Users/tuxen/Desktop/tex_template/graphics/graphics
(/Users/tuxen/Desktop/tex_template/graphics/graphics.tex
LaTeX2e <2023-11-01> patch level 1
L3 programming layer <2024-02-20>

/Users/tuxen/Desktop/tex_template/graphics/graphics.tex:1: LaTeX Error: \usepackage before \documentclass.

See the LaTeX manual or LaTeX Companion for explanation.
Type  H <return>  for immediate help.
 ...                                              
                                                  
l.1 \usepackage{
                tikz}
\usepackage may only appear in the document preamble, i.e.,
between \documentclass and \begin{document}.

/Users/tuxen/Desktop/tex_template/graphics/graphics.tex:2: Undefined control sequence.
l.2 \definecolor
                {doc}{RGB}{110,0,0}
The control sequence at the end of the top line
of your error message was never \def'ed. If you have
misspelled it (e.g., `\hobx'), type `I' and the correct
spelling (e.g., `I\hbox'). Otherwise just continue,
and I'll forget about whatever was undefined.


/Users/tuxen/Desktop/tex_template/graphics/graphics.tex:2: LaTeX Error: Missing \begin{document}.

See the LaTeX manual or LaTeX Companion for explanation.
Type  H <return>  for immediate help.
 ...                                              
                                                  
l.2 \definecolor{d
                  oc}{RGB}{110,0,0}
You're in trouble here.  Try typing  <return>  to proceed.
If that doesn't work, type  X <return>  to quit.

Missing character: There is no d in font nullfont!
Missing character: There is no o in font nullfont!
Missing character: There is no c in font nullfont!
Missing character: There is no R in font nullfont!
Missing character: There is no G in font nullfont!
Missing character: There is no B in font nullfont!
Missing character: There is no 1 in font nullfont!
Missing character: There is no 1 in font nullfont!
Missing character: There is no 0 in font nullfont!
Missing character: There is no , in font nullfont!
Missing character: There is no 0 in font nullfont!
Missing character: There is no , in font nullfont!
Missing character: There is no 0 in font nullfont!

/Users/tuxen/Desktop/tex_template/graphics/graphics.tex:3: LaTeX Error: \usepackage before \documentclass.

See the LaTeX manual or LaTeX Companion for explanation.
Type  H <return>  for immediate help.
 ...                                              
                                                  
l.3 \usepackage{
                titletoc}
\usepackage may only appear in the document preamble, i.e.,
between \documentclass and \begin{document}.


Overfull \hbox (20.0pt too wide) in paragraph at lines 2--4
[]
 []

/Users/tuxen/Desktop/tex_template/graphics/graphics.tex:6: Undefined control sequence.
l.6 \contentsmargin
                   {0cm}
The control sequence at the end of the top line
of your error message was never \def'ed. If you have
misspelled it (e.g., `\hobx'), type `I' and the correct
spelling (e.g., `I\hbox'). Otherwise just continue,
and I'll forget about whatever was undefined.


/Users/tuxen/Desktop/tex_template/graphics/graphics.tex:6: LaTeX Error: Missing \begin{document}.

See the LaTeX manual or LaTeX Companion for explanation.
Type  H <return>  for immediate help.
 ...                                              
                                                  
l.6 \contentsmargin{0
                     cm}
You're in trouble here.  Try typing  <return>  to proceed.
If that doesn't work, type  X <return>  to quit.

Missing character: There is no 0 in font nullfont!
Missing character: There is no c in font nullfont!
Missing character: There is no m in font nullfont!
/Users/tuxen/Desktop/tex_template/graphics/graphics.tex:7: Undefined control sequence.
l.7 \titlecontents
                  {section}[3.7pc]
The control sequence at the end of the top line
of your error message was never \def'ed. If you have
misspelled it (e.g., `\hobx'), type `I' and the correct
spelling (e.g., `I\hbox'). Otherwise just continue,
and I'll forget about whatever was undefined.

Missing character: There is no s in font nullfont!
Missing character: There is no e in font nullfont!
Missing character: There is no c in font nullfont!
Missing character: There is no t in font nullfont!
Missing character: There is no i in font nullfont!
Missing character: There is no o in font nullfont!
Missing character: There is no n in font nullfont!
Missing character: There is no [ in font nullfont!
Missing character: There is no 3 in font nullfont!
Missing character: There is no . in font nullfont!
Missing character: There is no 7 in font nullfont!
Missing character: There is no p in font nullfont!
Missing character: There is no c in font nullfont!
Missing character: There is no ] in font nullfont!

/Users/tuxen/Desktop/tex_template/graphics/graphics.tex:8: LaTeX Error: Something's wrong--perhaps a missing \item.

See the LaTeX manual or LaTeX Companion for explanation.
Type  H <return>  for immediate help.
 ...                                              
                                                  
l.8 {\addvspace{30pt}
                     %
Try typing  <return>  to proceed.
If that doesn't work, type  X <return>  to quit.


/Users/tuxen/Desktop/tex_template/graphics/graphics.tex:9: LaTeX Error: Environment tikzpicture undefined.

See the LaTeX manual or LaTeX Companion for explanation.
Type  H <return>  for immediate help.
 ...                                              
                                                  
l.9     \begin{tikzpicture}
                           [remember picture, overlay]%
Your command was ignored.
Type  I <command> <return>  to replace it with another command,
or  <return>  to continue without it.

Missing character: There is no [ in font nullfont!
Missing character: There is no r in font nullfont!
Missing character: There is no e in font nullfont!
Missing character: There is no m in font nullfont!
Missing character: There is no e in font nullfont!
Missing character: There is no m in font nullfont!
Missing character: There is no b in font nullfont!
Missing character: There is no e in font nullfont!
Missing character: There is no r in font nullfont!
Missing character: There is no p in font nullfont!
Missing character: There is no i in font nullfont!
Missing character: There is no c in font nullfont!
Missing character: There is no t in font nullfont!
Missing character: There is no u in font nullfont!
Missing character: There is no r in font nullfont!
Missing character: There is no e in font nullfont!
Missing character: There is no , in font nullfont!
Missing character: There is no o in font nullfont!
Missing character: There is no v in font nullfont!
Missing character: There is no e in font nullfont!
Missing character: There is no r in font nullfont!
Missing character: There is no l in font nullfont!
Missing character: There is no a in font nullfont!
Missing character: There is no y in font nullfont!
Missing character: There is no ] in font nullfont!
/Users/tuxen/Desktop/tex_template/graphics/graphics.tex:10: Undefined control sequence.
l.10         \draw
                  [fill=doc!60,draw=doc!60] (-7,-.1) rectangle (-0.9,.5);%
The control sequence at the end of the top line
of your error message was never \def'ed. If you have
misspelled it (e.g., `\hobx'), type `I' and the correct
spelling (e.g., `I\hbox'). Otherwise just continue,
and I'll forget about whatever was undefined.

Missing character: There is no [ in font nullfont!
Missing character: There is no f in font nullfont!
Missing character: There is no i in font nullfont!
Missing character: There is no l in font nullfont!
Missing character: There is no l in font nullfont!
Missing character: There is no = in font nullfont!
Missing character: There is no d in font nullfont!
Missing character: There is no o in font nullfont!
Missing character: There is no c in font nullfont!
Missing character: There is no ! in font nullfont!
Missing character: There is no 6 in font nullfont!
Missing character: There is no 0 in font nullfont!
Missing character: There is no , in font nullfont!
Missing character: There is no d in font nullfont!
Missing character: There is no r in font nullfont!
Missing character: There is no a in font nullfont!
Missing character: There is no w in font nullfont!
Missing character: There is no = in font nullfont!
Missing character: There is no d in font nullfont!
Missing character: There is no o in font nullfont!
Missing character: There is no c in font nullfont!
Missing character: There is no ! in font nullfont!
Missing character: There is no 6 in font nullfont!
Missing character: There is no 0 in font nullfont!
Missing character: There is no ] in font nullfont!
Missing character: There is no ( in font nullfont!
Missing character: There is no - in font nullfont!
Missing character: There is no 7 in font nullfont!
Missing character: There is no , in font nullfont!
Missing character: There is no - in font nullfont!
Missing character: There is no . in font nullfont!
Missing character: There is no 1 in font nullfont!
Missing character: There is no ) in font nullfont!
Missing character: There is no r in font nullfont!
Missing character: There is no e in font nullfont!
Missing character: There is no c in font nullfont!
Missing character: There is no t in font nullfont!
Missing character: There is no a in font nullfont!
Missing character: There is no n in font nullfont!
Missing character: There is no g in font nullfont!
Missing character: There is no l in font nullfont!
Missing character: There is no e in font nullfont!
Missing character: There is no ( in font nullfont!
Missing character: There is no - in font nullfont!
Missing character: There is no 0 in font nullfont!
Missing character: There is no . in font nullfont!
Missing character: There is no 9 in font nullfont!
Missing character: There is no , in font nullfont!
Missing character: There is no . in font nullfont!
Missing character: There is no 5 in font nullfont!
Missing character: There is no ) in font nullfont!
Missing character: There is no ; in font nullfont!
/Users/tuxen/Desktop/tex_template/graphics/graphics.tex:11: Undefined control sequence.
l.11         \pgftext
                     [left,x=-4.5cm,y=0.2cm]{\color{white}\Large\sc\bfseries...
The control sequence at the end of the top line
of your error message was never \def'ed. If you have
misspelled it (e.g., `\hobx'), type `I' and the correct
spelling (e.g., `I\hbox'). Otherwise just continue,
and I'll forget about whatever was undefined.

Missing character: There is no [ in font nullfont!
Missing character: There is no l in font nullfont!
Missing character: There is no e in font nullfont!
Missing character: There is no f in font nullfont!
Missing character: There is no t in font nullfont!
Missing character: There is no , in font nullfont!
Missing character: There is no x in font nullfont!
Missing character: There is no = in font nullfont!
Missing character: There is no - in font nullfont!
Missing character: There is no 4 in font nullfont!
Missing character: There is no . in font nullfont!
Missing character: There is no 5 in font nullfont!
Missing character: There is no c in font nullfont!
Missing character: There is no m in font nullfont!
Missing character: There is no , in font nullfont!
Missing character: There is no y in font nullfont!
Missing character: There is no = in font nullfont!
Missing character: There is no 0 in font nullfont!
Missing character: There is no . in font nullfont!
Missing character: There is no 2 in font nullfont!
Missing character: There is no c in font nullfont!
Missing character: There is no m in font nullfont!
Missing character: There is no ] in font nullfont!
/Users/tuxen/Desktop/tex_template/graphics/graphics.tex:11: Undefined control sequence.
l.11 ...    \pgftext[left,x=-4.5cm,y=0.2cm]{\color
                                                  {white}\Large\sc\bfseries ...
The control sequence at the end of the top line
of your error message was never \def'ed. If you have
misspelled it (e.g., `\hobx'), type `I' and the correct
spelling (e.g., `I\hbox'). Otherwise just continue,
and I'll forget about whatever was undefined.

Missing character: There is no w in font nullfont!
Missing character: There is no h in font nullfont!
Missing character: There is no i in font nullfont!
Missing character: There is no t in font nullfont!
Missing character: There is no e in font nullfont!
/Users/tuxen/Desktop/tex_template/graphics/graphics.tex:11: Undefined control sequence.
l.11 ...left,x=-4.5cm,y=0.2cm]{\color{white}\Large
                                                  \sc\bfseries Section\ \the...
The control sequence at the end of the top line
of your error message was never \def'ed. If you have
misspelled it (e.g., `\hobx'), type `I' and the correct
spelling (e.g., `I\hbox'). Otherwise just continue,
and I'll forget about whatever was undefined.

/Users/tuxen/Desktop/tex_template/graphics/graphics.tex:11: Undefined control sequence.
l.11 ...t,x=-4.5cm,y=0.2cm]{\color{white}\Large\sc
                                                  \bfseries Section\ \thecon...
The control sequence at the end of the top line
of your error message was never \def'ed. If you have
misspelled it (e.g., `\hobx'), type `I' and the correct
spelling (e.g., `I\hbox'). Otherwise just continue,
and I'll forget about whatever was undefined.

/Users/tuxen/Desktop/tex_template/graphics/graphics.tex:11: Undefined control sequence.
l.11 ...rge\sc\bfseries Section\ \thecontentslabel
                                                  };%
The control sequence at the end of the top line
of your error message was never \def'ed. If you have
misspelled it (e.g., `\hobx'), type `I' and the correct
spelling (e.g., `I\hbox'). Otherwise just continue,
and I'll forget about whatever was undefined.

Missing character: There is no ; in font nullfont!

/Users/tuxen/Desktop/tex_template/graphics/graphics.tex:12: LaTeX Error: \begin{document} ended by \end{tikzpicture}.

See the LaTeX manual or LaTeX Companion for explanation.
Type  H <return>  for immediate help.
 ...                                              
                                                  
l.12     \end{tikzpicture}
                          \color{doc!60}\large\sc\bfseries}%
Your command was ignored.
Type  I <command> <return>  to replace it with another command,
or  <return>  to continue without it.

/Users/tuxen/Desktop/tex_template/graphics/graphics.tex:12: Undefined control sequence.
l.12     \end{tikzpicture}\color
                                {doc!60}\large\sc\bfseries}%
The control sequence at the end of the top line
of your error message was never \def'ed. If you have
misspelled it (e.g., `\hobx'), type `I' and the correct
spelling (e.g., `I\hbox'). Otherwise just continue,
and I'll forget about whatever was undefined.

Missing character: There is no d in font nullfont!
Missing character: There is no o in font nullfont!
Missing character: There is no c in font nullfont!
Missing character: There is no ! in font nullfont!
Missing character: There is no 6 in font nullfont!
Missing character: There is no 0 in font nullfont!
/Users/tuxen/Desktop/tex_template/graphics/graphics.tex:12: Undefined control sequence.
l.12     \end{tikzpicture}\color{doc!60}\large
                                              \sc\bfseries}%
The control sequence at the end of the top line
of your error message was never \def'ed. If you have
misspelled it (e.g., `\hobx'), type `I' and the correct
spelling (e.g., `I\hbox'). Otherwise just continue,
and I'll forget about whatever was undefined.

/Users/tuxen/Desktop/tex_template/graphics/graphics.tex:12: Undefined control sequence.
l.12     \end{tikzpicture}\color{doc!60}\large\sc
                                                 \bfseries}%
The control sequence at the end of the top line
of your error message was never \def'ed. If you have
misspelled it (e.g., `\hobx'), type `I' and the correct
spelling (e.g., `I\hbox'). Otherwise just continue,
and I'll forget about whatever was undefined.

/Users/tuxen/Desktop/tex_template/graphics/graphics.tex:15: Undefined control sequence.
l.15 {\;\titlerule
                  \;\large\sc\bfseries Page \thecontentspage
The control sequence at the end of the top line
of your error message was never \def'ed. If you have
misspelled it (e.g., `\hobx'), type `I' and the correct
spelling (e.g., `I\hbox'). Otherwise just continue,
and I'll forget about whatever was undefined.

/Users/tuxen/Desktop/tex_template/graphics/graphics.tex:15: Undefined control sequence.
l.15 {\;\titlerule\;\large
                          \sc\bfseries Page \thecontentspage
The control sequence at the end of the top line
of your error message was never \def'ed. If you have
misspelled it (e.g., `\hobx'), type `I' and the correct
spelling (e.g., `I\hbox'). Otherwise just continue,
and I'll forget about whatever was undefined.

/Users/tuxen/Desktop/tex_template/graphics/graphics.tex:15: Undefined control sequence.
l.15 {\;\titlerule\;\large\sc
                             \bfseries Page \thecontentspage
The control sequence at the end of the top line
of your error message was never \def'ed. If you have
misspelled it (e.g., `\hobx'), type `I' and the correct
spelling (e.g., `I\hbox'). Otherwise just continue,
and I'll forget about whatever was undefined.

/Users/tuxen/Desktop/tex_template/graphics/graphics.tex:15: Undefined control sequence.
l.15 ...\;\large\sc\bfseries Page \thecontentspage
                                                  
The control sequence at the end of the top line
of your error message was never \def'ed. If you have
misspelled it (e.g., `\hobx'), type `I' and the correct
spelling (e.g., `I\hbox'). Otherwise just continue,
and I'll forget about whatever was undefined.


/Users/tuxen/Desktop/tex_template/graphics/graphics.tex:16: LaTeX Error: Environment tikzpicture undefined.

See the LaTeX manual or LaTeX Companion for explanation.
Type  H <return>  for immediate help.
 ...                                              
                                                  
l.16     \begin{tikzpicture}
                            [remember picture, overlay]
Your command was ignored.
Type  I <command> <return>  to replace it with another command,
or  <return>  to continue without it.

/Users/tuxen/Desktop/tex_template/graphics/graphics.tex:17: Undefined control sequence.
l.17         \draw
                  [fill=doc!60,draw=doc!60] (2pt,0) rectangle (4,0.1pt);
The control sequence at the end of the top line
of your error message was never \def'ed. If you have
misspelled it (e.g., `\hobx'), type `I' and the correct
spelling (e.g., `I\hbox'). Otherwise just continue,
and I'll forget about whatever was undefined.


/Users/tuxen/Desktop/tex_template/graphics/graphics.tex:18: LaTeX Error: \begin{document} ended by \end{tikzpicture}.

See the LaTeX manual or LaTeX Companion for explanation.
Type  H <return>  for immediate help.
 ...                                              
                                                  
l.18     \end{tikzpicture}
                          }%
Your command was ignored.
Type  I <command> <return>  to replace it with another command,
or  <return>  to continue without it.

/Users/tuxen/Desktop/tex_template/graphics/graphics.tex:19: Undefined control sequence.
l.19 \titlecontents
                   {subsection}[3.7pc]
The control sequence at the end of the top line
of your error message was never \def'ed. If you have
misspelled it (e.g., `\hobx'), type `I' and the correct
spelling (e.g., `I\hbox'). Otherwise just continue,
and I'll forget about whatever was undefined.

Missing character: There is no s in font nullfont!
Missing character: There is no u in font nullfont!
Missing character: There is no b in font nullfont!
Missing character: There is no s in font nullfont!
Missing character: There is no e in font nullfont!
Missing character: There is no c in font nullfont!
Missing character: There is no t in font nullfont!
Missing character: There is no i in font nullfont!
Missing character: There is no o in font nullfont!
Missing character: There is no n in font nullfont!
Missing character: There is no [ in font nullfont!
Missing character: There is no 3 in font nullfont!
Missing character: There is no . in font nullfont!
Missing character: There is no 7 in font nullfont!
Missing character: There is no p in font nullfont!
Missing character: There is no c in font nullfont!
Missing character: There is no ] in font nullfont!

/Users/tuxen/Desktop/tex_template/graphics/graphics.tex:20: LaTeX Error: Something's wrong--perhaps a missing \item.

See the LaTeX manual or LaTeX Companion for explanation.
Type  H <return>  for immediate help.
 ...                                              
                                                  
l.20 {\addvspace{2pt}
                     }
Try typing  <return>  to proceed.
If that doesn't work, type  X <return>  to quit.

/Users/tuxen/Desktop/tex_template/graphics/graphics.tex:21: Undefined control sequence.
l.21 {\contentslabel
                    [\thecontentslabel]{2pc}}
The control sequence at the end of the top line
of your error message was never \def'ed. If you have
misspelled it (e.g., `\hobx'), type `I' and the correct
spelling (e.g., `I\hbox'). Otherwise just continue,
and I'll forget about whatever was undefined.

Missing character: There is no [ in font nullfont!
/Users/tuxen/Desktop/tex_template/graphics/graphics.tex:21: Undefined control sequence.
l.21 {\contentslabel[\thecontentslabel
                                      ]{2pc}}
The control sequence at the end of the top line
of your error message was never \def'ed. If you have
misspelled it (e.g., `\hobx'), type `I' and the correct
spelling (e.g., `I\hbox'). Otherwise just continue,
and I'll forget about whatever was undefined.

Missing character: There is no ] in font nullfont!
Missing character: There is no 2 in font nullfont!
Missing character: There is no p in font nullfont!
Missing character: There is no c in font nullfont!
/Users/tuxen/Desktop/tex_template/graphics/graphics.tex:23: Undefined control sequence.
l.23 {\hfill\small
                   \thecontentspage}
The control sequence at the end of the top line
of your error message was never \def'ed. If you have
misspelled it (e.g., `\hobx'), type `I' and the correct
spelling (e.g., `I\hbox'). Otherwise just continue,
and I'll forget about whatever was undefined.

/Users/tuxen/Desktop/tex_template/graphics/graphics.tex:23: Undefined control sequence.
l.23 {\hfill\small \thecontentspage
                                   }
The control sequence at the end of the top line
of your error message was never \def'ed. If you have
misspelled it (e.g., `\hobx'), type `I' and the correct
spelling (e.g., `I\hbox'). Otherwise just continue,
and I'll forget about whatever was undefined.

Missing character: There is no [ in font nullfont!
Missing character: There is no ] in font nullfont!
/Users/tuxen/Desktop/tex_template/graphics/graphics.tex:25: Undefined control sequence.
l.25 \titlecontents
                   *{subsubsection}[3.7pc]
The control sequence at the end of the top line
of your error message was never \def'ed. If you have
misspelled it (e.g., `\hobx'), type `I' and the correct
spelling (e.g., `I\hbox'). Otherwise just continue,
and I'll forget about whatever was undefined.

Missing character: There is no * in font nullfont!
Missing character: There is no s in font nullfont!
Missing character: There is no u in font nullfont!
Missing character: There is no b in font nullfont!
Missing character: There is no s in font nullfont!
Missing character: There is no u in font nullfont!
Missing character: There is no b in font nullfont!
Missing character: There is no s in font nullfont!
Missing character: There is no e in font nullfont!
Missing character: There is no c in font nullfont!
Missing character: There is no t in font nullfont!
Missing character: There is no i in font nullfont!
Missing character: There is no o in font nullfont!
Missing character: There is no n in font nullfont!
Missing character: There is no [ in font nullfont!
Missing character: There is no 3 in font nullfont!
Missing character: There is no . in font nullfont!
Missing character: There is no 7 in font nullfont!
Missing character: There is no p in font nullfont!
Missing character: There is no c in font nullfont!
Missing character: There is no ] in font nullfont!

/Users/tuxen/Desktop/tex_template/graphics/graphics.tex:26: LaTeX Error: Something's wrong--perhaps a missing \item.

See the LaTeX manual or LaTeX Companion for explanation.
Type  H <return>  for immediate help.
 ...                                              
                                                  
l.26 {\addvspace{-1pt}
                      \small}
Try typing  <return>  to proceed.
If that doesn't work, type  X <return>  to quit.

/Users/tuxen/Desktop/tex_template/graphics/graphics.tex:26: Undefined control sequence.
l.26 {\addvspace{-1pt}\small
                            }
The control sequence at the end of the top line
of your error message was never \def'ed. If you have
misspelled it (e.g., `\hobx'), type `I' and the correct
spelling (e.g., `I\hbox'). Otherwise just continue,
and I'll forget about whatever was undefined.

Missing character: There is no - in font nullfont!
Missing character: There is no - in font nullfont!
Missing character: There is no - in font nullfont!
/Users/tuxen/Desktop/tex_template/graphics/graphics.tex:29: Undefined control sequence.
l.29 {\ --- \small
                  \thecontentspage}
The control sequence at the end of the top line
of your error message was never \def'ed. If you have
misspelled it (e.g., `\hobx'), type `I' and the correct
spelling (e.g., `I\hbox'). Otherwise just continue,
and I'll forget about whatever was undefined.

/Users/tuxen/Desktop/tex_template/graphics/graphics.tex:29: Undefined control sequence.
l.29 {\ --- \small\thecontentspage
                                  }
The control sequence at the end of the top line
of your error message was never \def'ed. If you have
misspelled it (e.g., `\hobx'), type `I' and the correct
spelling (e.g., `I\hbox'). Otherwise just continue,
and I'll forget about whatever was undefined.

Missing character: There is no [ in font nullfont!
Missing character: There is no ] in font nullfont!
Missing character: There is no [ in font nullfont!
Missing character: There is no ] in font nullfont!

Overfull \hbox (20.0pt too wide) in paragraph at lines 6--31
[]
 []


Overfull \hbox (20.60406pt too wide) in paragraph at lines 6--31
\OT1/cmr/bx/n/10 Sec-
 []


Overfull \hbox (19.80545pt too wide) in paragraph at lines 6--31
\OT1/cmr/bx/n/10 tion
 []


Overfull \hbox (24.15263pt too wide) in paragraph at lines 6--31
\OT1/cmr/bx/n/10 Page
 []


Overfull \hbox (17.03465pt too wide) in paragraph at lines 6--31
\OT1/cmr/bx/n/10 [re-
 []


Overfull \hbox (28.27069pt too wide) in paragraph at lines 6--31
\OT1/cmr/bx/n/10 mem-
 []


Overfull \hbox (16.71521pt too wide) in paragraph at lines 6--31
\OT1/cmr/bx/n/10 ber
 []


Overfull \hbox (18.52768pt too wide) in paragraph at lines 6--31
\OT1/cmr/bx/n/10 pic-
 []


Overfull \hbox (24.0624pt too wide) in paragraph at lines 6--31
\OT1/cmr/bx/n/10 ture,
 []


Overfull \hbox (25.02072pt too wide) in paragraph at lines 6--31
\OT1/cmr/bx/n/10 over-
 []


Overfull \hbox (17.72905pt too wide) in paragraph at lines 6--31
\OT1/cmr/bx/n/10 lay]
 []


Overfull \hbox (130.08958pt too wide) in paragraph at lines 6--31
\OT1/cmr/bx/n/10 [fill=doc!60,draw=doc!60]
 []


Overfull \hbox (34.49982pt too wide) in paragraph at lines 6--31
\OT1/cmr/bx/n/10 (2pt,0)
 []


Overfull \hbox (23.42351pt too wide) in paragraph at lines 6--31
\OT1/cmr/bx/n/10 rect-
 []


Overfull \hbox (15.8124pt too wide) in paragraph at lines 6--31
\OT1/cmr/bx/n/10 an-
 []


Overfull \hbox (14.21521pt too wide) in paragraph at lines 6--31
\OT1/cmr/bx/n/10 gle
 []


Overfull \hbox (46.63864pt too wide) in paragraph at lines 6--31
\OT1/cmr/bx/n/10 (4,0.1pt);
 []


Overfull \hbox (4.99878pt too wide) in paragraph at lines 6--31
\TS1/cmr/m/n/10 ˆ
 []


/Users/tuxen/Desktop/tex_template/graphics/graphics.tex:33: LaTeX Error: Command \tableofcontents undefined.

See the LaTeX manual or LaTeX Companion for explanation.
Type  H <return>  for immediate help.
 ...                                              
                                                  
l.33 \renewcommand{\tableofcontents}
                                    {%
Try typing  <return>  to proceed.
If that doesn't work, type  X <return>  to quit.


/Users/tuxen/Desktop/tex_template/graphics/graphics.tex:46: LaTeX Error: \usepackage before \documentclass.

See the LaTeX manual or LaTeX Companion for explanation.
Type  H <return>  for immediate help.
 ...                                              
                                                  
l.46 \usepackage{
                 fancyhdr}
\usepackage may only appear in the document preamble, i.e.,
between \documentclass and \begin{document}.

/Users/tuxen/Desktop/tex_template/graphics/graphics.tex:47: Undefined control sequence.
<argument> \undefinedpagestyle 
                               
l.47 \pagestyle{fancy}
                      
The control sequence at the end of the top line
of your error message was never \def'ed. If you have
misspelled it (e.g., `\hobx'), type `I' and the correct
spelling (e.g., `I\hbox'). Otherwise just continue,
and I'll forget about whatever was undefined.

/Users/tuxen/Desktop/tex_template/graphics/graphics.tex:48: Undefined control sequence.
l.48 \fancyhf
             {}
The control sequence at the end of the top line
of your error message was never \def'ed. If you have
misspelled it (e.g., `\hobx'), type `I' and the correct
spelling (e.g., `I\hbox'). Otherwise just continue,
and I'll forget about whatever was undefined.

/Users/tuxen/Desktop/tex_template/graphics/graphics.tex:49: Undefined control sequence.
l.49 \rfoot
           {Page \thepage ~of \pageref{LastPage}} % page number out of pages
The control sequence at the end of the top line
of your error message was never \def'ed. If you have
misspelled it (e.g., `\hobx'), type `I' and the correct
spelling (e.g., `I\hbox'). Otherwise just continue,
and I'll forget about whatever was undefined.


/Users/tuxen/Desktop/tex_template/graphics/graphics.tex:49: LaTeX Error: Missing \begin{document}.

See the LaTeX manual or LaTeX Companion for explanation.
Type  H <return>  for immediate help.
 ...                                              
                                                  
l.49 \rfoot{P
             age \thepage ~of \pageref{LastPage}} % page number out of pages
You're in trouble here.  Try typing  <return>  to proceed.
If that doesn't work, type  X <return>  to quit.

Missing character: There is no P in font nullfont!
Missing character: There is no a in font nullfont!
Missing character: There is no g in font nullfont!
Missing character: There is no e in font nullfont!
/Users/tuxen/Desktop/tex_template/graphics/graphics.tex:49: Undefined control sequence.
l.49 \rfoot{Page \thepage
                          ~of \pageref{LastPage}} % page number out of pages
The control sequence at the end of the top line
of your error message was never \def'ed. If you have
misspelled it (e.g., `\hobx'), type `I' and the correct
spelling (e.g., `I\hbox'). Otherwise just continue,
and I'll forget about whatever was undefined.

Missing character: There is no o in font nullfont!
Missing character: There is no f in font nullfont!
/Users/tuxen/Desktop/tex_template/graphics/graphics.tex:49: Undefined control sequence.
<write> ... Reference `LastPage' on page \thepage 
                                                  \space undefined\on@line .
l.49 \rfoot{Page \thepage ~of \pageref{LastPage}
                                                } % page number out of pages
The control sequence at the end of the top line
of your error message was never \def'ed. If you have
misspelled it (e.g., `\hobx'), type `I' and the correct
spelling (e.g., `I\hbox'). Otherwise just continue,
and I'll forget about whatever was undefined.


LaTeX Warning: Reference `LastPage' on page  undefined on input line 49.

/Users/tuxen/Desktop/tex_template/graphics/graphics.tex:50: Undefined control sequence.
l.50 \lfoot
           {\today}
The control sequence at the end of the top line
of your error message was never \def'ed. If you have
misspelled it (e.g., `\hobx'), type `I' and the correct
spelling (e.g., `I\hbox'). Otherwise just continue,
and I'll forget about whatever was undefined.

/Users/tuxen/Desktop/tex_template/graphics/graphics.tex:50: Undefined control sequence.
l.50 \lfoot{\today
                  }
The control sequence at the end of the top line
of your error message was never \def'ed. If you have
misspelled it (e.g., `\hobx'), type `I' and the correct
spelling (e.g., `I\hbox'). Otherwise just continue,
and I'll forget about whatever was undefined.

)
! Emergency stop.
<*> ...uxen/Desktop/tex_template/graphics/graphics
                                                  
*** (job aborted, no legal \end found)

 
Here is how much of TeX's memory you used:
 35 strings out of 474116
 718 string characters out of 5743683
 1925187 words of memory out of 5000000
 22492 multiletter control sequences out of 15000+600000
 558712 words of font info for 38 fonts, out of 8000000 for 9000
 1141 hyphenation exceptions out of 8191
 18i,2n,23p,197b,94s stack positions out of 10000i,1000n,20000p,200000b,200000s
!  ==> Fatal error occurred, no output PDF file produced!
